<?xml version="1.0" encoding="UTF-8"?>
<testsuite xmlns:xsi="http://www.w3.org/2001/XMLSchema-instance" xsi:noNamespaceSchemaLocation="https://maven.apache.org/surefire/maven-surefire-plugin/xsd/surefire-test-report.xsd" name="org.axonframework.test.aggregate.StubAggregateLifecycleTest" time="0.003" tests="4" errors="0" skipped="0" failures="0">
  <properties>
    <property name="gopherProxySet" value="false"/>
    <property name="awt.toolkit" value="sun.lwawt.macosx.LWCToolkit"/>
    <property name="file.encoding.pkg" value="sun.io"/>
    <property name="java.specification.version" value="1.8"/>
    <property name="sun.cpu.isalist" value=""/>
    <property name="sun.jnu.encoding" value="UTF-8"/>
    <property name="java.class.path" value="/Volumes/work/qiyi/git/AxonFramework/test/target/test-classes:/Volumes/work/qiyi/git/AxonFramework/test/target/classes:/Volumes/work/qiyi/git/AxonFramework/eventsourcing/target/axon-eventsourcing-4.3.2-SNAPSHOT.jar:/Volumes/work/qiyi/git/AxonFramework/modelling/target/axon-modelling-4.3.2-SNAPSHOT.jar:/Volumes/work/qiyi/git/AxonFramework/messaging/target/axon-messaging-4.3.2-SNAPSHOT.jar:/Volumes/work/aiguoxin/repository/com/thoughtworks/xstream/xstream/1.4.11.1/xstream-1.4.11.1.jar:/Volumes/work/aiguoxin/repository/xpp3/xpp3/1.1.4c/xpp3-1.1.4c.jar:/Volumes/work/aiguoxin/repository/junit/junit/4.12/junit-4.12.jar:/Volumes/work/aiguoxin/repository/org/hamcrest/hamcrest-core/1.3/hamcrest-core-1.3.jar:/Volumes/work/aiguoxin/repository/javax/persistence/javax.persistence-api/2.2/javax.persistence-api-2.2.jar:/Volumes/work/aiguoxin/repository/javax/inject/javax.inject/1/javax.inject-1.jar:/Volumes/work/aiguoxin/repository/org/springframework/spring-beans/5.1.9.RELEASE/spring-beans-5.1.9.RELEASE.jar:/Volumes/work/aiguoxin/repository/org/springframework/spring-core/5.1.9.RELEASE/spring-core-5.1.9.RELEASE.jar:/Volumes/work/aiguoxin/repository/org/springframework/spring-jcl/5.1.9.RELEASE/spring-jcl-5.1.9.RELEASE.jar:/Volumes/work/aiguoxin/repository/org/junit/jupiter/junit-jupiter-api/5.5.2/junit-jupiter-api-5.5.2.jar:/Volumes/work/aiguoxin/repository/org/apiguardian/apiguardian-api/1.1.0/apiguardian-api-1.1.0.jar:/Volumes/work/aiguoxin/repository/org/opentest4j/opentest4j/1.2.0/opentest4j-1.2.0.jar:/Volumes/work/aiguoxin/repository/org/junit/platform/junit-platform-commons/1.5.2/junit-platform-commons-1.5.2.jar:/Volumes/work/aiguoxin/repository/org/junit/jupiter/junit-jupiter-params/5.5.2/junit-jupiter-params-5.5.2.jar:/Volumes/work/aiguoxin/repository/org/junit/jupiter/junit-jupiter-engine/5.5.2/junit-jupiter-engine-5.5.2.jar:/Volumes/work/aiguoxin/repository/org/junit/platform/junit-platform-engine/1.5.2/junit-platform-engine-1.5.2.jar:/Volumes/work/aiguoxin/repository/org/mockito/mockito-core/3.0.0/mockito-core-3.0.0.jar:/Volumes/work/aiguoxin/repository/net/bytebuddy/byte-buddy/1.9.16/byte-buddy-1.9.16.jar:/Volumes/work/aiguoxin/repository/net/bytebuddy/byte-buddy-agent/1.9.16/byte-buddy-agent-1.9.16.jar:/Volumes/work/aiguoxin/repository/org/objenesis/objenesis/2.6/objenesis-2.6.jar:/Volumes/work/aiguoxin/repository/org/mockito/mockito-junit-jupiter/3.0.0/mockito-junit-jupiter-3.0.0.jar:/Volumes/work/aiguoxin/repository/org/slf4j/jul-to-slf4j/1.7.28/jul-to-slf4j-1.7.28.jar:/Volumes/work/aiguoxin/repository/org/slf4j/slf4j-api/1.7.28/slf4j-api-1.7.28.jar:/Volumes/work/aiguoxin/repository/org/apache/logging/log4j/log4j-slf4j-impl/2.13.0/log4j-slf4j-impl-2.13.0.jar:/Volumes/work/aiguoxin/repository/org/apache/logging/log4j/log4j-api/2.13.0/log4j-api-2.13.0.jar:/Volumes/work/aiguoxin/repository/org/slf4j/jcl-over-slf4j/1.7.28/jcl-over-slf4j-1.7.28.jar:/Volumes/work/aiguoxin/repository/org/apache/logging/log4j/log4j-core/2.13.0/log4j-core-2.13.0.jar:/Volumes/work/aiguoxin/repository/javax/xml/bind/jaxb-api/2.3.0/jaxb-api-2.3.0.jar:"/>
    <property name="java.vm.vendor" value="Oracle Corporation"/>
    <property name="sun.arch.data.model" value="64"/>
    <property name="java.vendor.url" value="http://java.oracle.com/"/>
    <property name="user.timezone" value=""/>
    <property name="java.vm.specification.version" value="1.8"/>
    <property name="os.name" value="Mac OS X"/>
    <property name="user.country" value="CN"/>
    <property name="sun.java.launcher" value="SUN_STANDARD"/>
    <property name="sun.boot.library.path" value="/Library/Java/JavaVirtualMachines/jdk1.8.0_73.jdk/Contents/Home/jre/lib"/>
    <property name="sun.java.command" value="/Volumes/work/qiyi/git/AxonFramework/test/target/surefire/surefirebooter7961972993987121128.jar /Volumes/work/qiyi/git/AxonFramework/test/target/surefire 2020-06-23T10-55-59_857-jvmRun1 surefire725232423504883599tmp surefire_01476173572579128087tmp"/>
    <property name="surefire.test.class.path" value="/Volumes/work/qiyi/git/AxonFramework/test/target/test-classes:/Volumes/work/qiyi/git/AxonFramework/test/target/classes:/Volumes/work/qiyi/git/AxonFramework/eventsourcing/target/axon-eventsourcing-4.3.2-SNAPSHOT.jar:/Volumes/work/qiyi/git/AxonFramework/modelling/target/axon-modelling-4.3.2-SNAPSHOT.jar:/Volumes/work/qiyi/git/AxonFramework/messaging/target/axon-messaging-4.3.2-SNAPSHOT.jar:/Volumes/work/aiguoxin/repository/com/thoughtworks/xstream/xstream/1.4.11.1/xstream-1.4.11.1.jar:/Volumes/work/aiguoxin/repository/xpp3/xpp3/1.1.4c/xpp3-1.1.4c.jar:/Volumes/work/aiguoxin/repository/junit/junit/4.12/junit-4.12.jar:/Volumes/work/aiguoxin/repository/org/hamcrest/hamcrest-core/1.3/hamcrest-core-1.3.jar:/Volumes/work/aiguoxin/repository/javax/persistence/javax.persistence-api/2.2/javax.persistence-api-2.2.jar:/Volumes/work/aiguoxin/repository/javax/inject/javax.inject/1/javax.inject-1.jar:/Volumes/work/aiguoxin/repository/org/springframework/spring-beans/5.1.9.RELEASE/spring-beans-5.1.9.RELEASE.jar:/Volumes/work/aiguoxin/repository/org/springframework/spring-core/5.1.9.RELEASE/spring-core-5.1.9.RELEASE.jar:/Volumes/work/aiguoxin/repository/org/springframework/spring-jcl/5.1.9.RELEASE/spring-jcl-5.1.9.RELEASE.jar:/Volumes/work/aiguoxin/repository/org/junit/jupiter/junit-jupiter-api/5.5.2/junit-jupiter-api-5.5.2.jar:/Volumes/work/aiguoxin/repository/org/apiguardian/apiguardian-api/1.1.0/apiguardian-api-1.1.0.jar:/Volumes/work/aiguoxin/repository/org/opentest4j/opentest4j/1.2.0/opentest4j-1.2.0.jar:/Volumes/work/aiguoxin/repository/org/junit/platform/junit-platform-commons/1.5.2/junit-platform-commons-1.5.2.jar:/Volumes/work/aiguoxin/repository/org/junit/jupiter/junit-jupiter-params/5.5.2/junit-jupiter-params-5.5.2.jar:/Volumes/work/aiguoxin/repository/org/junit/jupiter/junit-jupiter-engine/5.5.2/junit-jupiter-engine-5.5.2.jar:/Volumes/work/aiguoxin/repository/org/junit/platform/junit-platform-engine/1.5.2/junit-platform-engine-1.5.2.jar:/Volumes/work/aiguoxin/repository/org/mockito/mockito-core/3.0.0/mockito-core-3.0.0.jar:/Volumes/work/aiguoxin/repository/net/bytebuddy/byte-buddy/1.9.16/byte-buddy-1.9.16.jar:/Volumes/work/aiguoxin/repository/net/bytebuddy/byte-buddy-agent/1.9.16/byte-buddy-agent-1.9.16.jar:/Volumes/work/aiguoxin/repository/org/objenesis/objenesis/2.6/objenesis-2.6.jar:/Volumes/work/aiguoxin/repository/org/mockito/mockito-junit-jupiter/3.0.0/mockito-junit-jupiter-3.0.0.jar:/Volumes/work/aiguoxin/repository/org/slf4j/jul-to-slf4j/1.7.28/jul-to-slf4j-1.7.28.jar:/Volumes/work/aiguoxin/repository/org/slf4j/slf4j-api/1.7.28/slf4j-api-1.7.28.jar:/Volumes/work/aiguoxin/repository/org/apache/logging/log4j/log4j-slf4j-impl/2.13.0/log4j-slf4j-impl-2.13.0.jar:/Volumes/work/aiguoxin/repository/org/apache/logging/log4j/log4j-api/2.13.0/log4j-api-2.13.0.jar:/Volumes/work/aiguoxin/repository/org/slf4j/jcl-over-slf4j/1.7.28/jcl-over-slf4j-1.7.28.jar:/Volumes/work/aiguoxin/repository/org/apache/logging/log4j/log4j-core/2.13.0/log4j-core-2.13.0.jar:/Volumes/work/aiguoxin/repository/javax/xml/bind/jaxb-api/2.3.0/jaxb-api-2.3.0.jar:"/>
    <property name="sun.cpu.endian" value="little"/>
    <property name="user.home" value="/Users/liuruixue"/>
    <property name="user.language" value="zh"/>
    <property name="java.specification.vendor" value="Oracle Corporation"/>
    <property name="java.home" value="/Library/Java/JavaVirtualMachines/jdk1.8.0_73.jdk/Contents/Home/jre"/>
    <property name="basedir" value="/Volumes/work/qiyi/git/AxonFramework/test"/>
    <property name="file.separator" value="/"/>
    <property name="line.separator" value="&#10;"/>
    <property name="java.vm.specification.vendor" value="Oracle Corporation"/>
    <property name="java.specification.name" value="Java Platform API Specification"/>
    <property name="java.awt.graphicsenv" value="sun.awt.CGraphicsEnvironment"/>
    <property name="surefire.real.class.path" value="/Volumes/work/qiyi/git/AxonFramework/test/target/surefire/surefirebooter7961972993987121128.jar"/>
    <property name="sun.boot.class.path" value="/Library/Java/JavaVirtualMachines/jdk1.8.0_73.jdk/Contents/Home/jre/lib/resources.jar:/Library/Java/JavaVirtualMachines/jdk1.8.0_73.jdk/Contents/Home/jre/lib/rt.jar:/Library/Java/JavaVirtualMachines/jdk1.8.0_73.jdk/Contents/Home/jre/lib/sunrsasign.jar:/Library/Java/JavaVirtualMachines/jdk1.8.0_73.jdk/Contents/Home/jre/lib/jsse.jar:/Library/Java/JavaVirtualMachines/jdk1.8.0_73.jdk/Contents/Home/jre/lib/jce.jar:/Library/Java/JavaVirtualMachines/jdk1.8.0_73.jdk/Contents/Home/jre/lib/charsets.jar:/Library/Java/JavaVirtualMachines/jdk1.8.0_73.jdk/Contents/Home/jre/lib/jfr.jar:/Library/Java/JavaVirtualMachines/jdk1.8.0_73.jdk/Contents/Home/jre/classes"/>
    <property name="sun.management.compiler" value="HotSpot 64-Bit Tiered Compilers"/>
    <property name="java.runtime.version" value="1.8.0_73-b02"/>
    <property name="user.name" value="liuruixue"/>
    <property name="path.separator" value=":"/>
    <property name="os.version" value="10.13.6"/>
    <property name="java.endorsed.dirs" value="/Library/Java/JavaVirtualMachines/jdk1.8.0_73.jdk/Contents/Home/jre/lib/endorsed"/>
    <property name="java.runtime.name" value="Java(TM) SE Runtime Environment"/>
    <property name="file.encoding" value="UTF-8"/>
    <property name="java.vm.name" value="Java HotSpot(TM) 64-Bit Server VM"/>
    <property name="localRepository" value="/Volumes/work/aiguoxin/repository"/>
    <property name="java.vendor.url.bug" value="http://bugreport.sun.com/bugreport/"/>
    <property name="java.io.tmpdir" value="/var/folders/5_/dkz6wc1x2z3b8p2gs5wcpggr0000gn/T/"/>
    <property name="java.version" value="1.8.0_73"/>
    <property name="user.dir" value="/Volumes/work/qiyi/git/AxonFramework/test"/>
    <property name="os.arch" value="x86_64"/>
    <property name="java.vm.specification.name" value="Java Virtual Machine Specification"/>
    <property name="java.awt.printerjob" value="sun.lwawt.macosx.CPrinterJob"/>
    <property name="user.language.format" value="en"/>
    <property name="sun.os.patch.level" value="unknown"/>
    <property name="java.library.path" value="/Users/liuruixue/Library/Java/Extensions:/Library/Java/Extensions:/Network/Library/Java/Extensions:/System/Library/Java/Extensions:/usr/lib/java:."/>
    <property name="java.vm.info" value="mixed mode"/>
    <property name="java.vendor" value="Oracle Corporation"/>
    <property name="java.vm.version" value="25.73-b02"/>
    <property name="java.ext.dirs" value="/Users/liuruixue/Library/Java/Extensions:/Library/Java/JavaVirtualMachines/jdk1.8.0_73.jdk/Contents/Home/jre/lib/ext:/Library/Java/Extensions:/Network/Library/Java/Extensions:/System/Library/Java/Extensions:/usr/lib/java"/>
    <property name="sun.io.unicode.encoding" value="UnicodeBig"/>
    <property name="java.class.version" value="52.0"/>
  </properties>
  <testcase name="testApplyingEventsAfterDeactivationFails" classname="org.axonframework.test.aggregate.StubAggregateLifecycleTest" time="0.001"/>
  <testcase name="testMarkDeletedIsRegisteredWithActiveLifecycle" classname="org.axonframework.test.aggregate.StubAggregateLifecycleTest" time="0"/>
  <testcase name="testAppliedEventsArePassedToActiveLifecycle" classname="org.axonframework.test.aggregate.StubAggregateLifecycleTest" time="0.001"/>
  <testcase name="testLifecycleIsNotRegisteredAutomatically" classname="org.axonframework.test.aggregate.StubAggregateLifecycleTest" time="0.001"/>
</testsuite>