<?xml version="1.0" encoding="UTF-8"?>
<testsuite xmlns:xsi="http://www.w3.org/2001/XMLSchema-instance" xsi:noNamespaceSchemaLocation="https://maven.apache.org/surefire/maven-surefire-plugin/xsd/surefire-test-report.xsd" name="org.axonframework.springboot.JdbcAutoConfigurationTest" time="0.368" tests="1" errors="0" skipped="0" failures="0">
  <properties>
    <property name="gopherProxySet" value="false"/>
    <property name="awt.toolkit" value="sun.lwawt.macosx.LWCToolkit"/>
    <property name="file.encoding.pkg" value="sun.io"/>
    <property name="java.specification.version" value="1.8"/>
    <property name="sun.cpu.isalist" value=""/>
    <property name="sun.jnu.encoding" value="UTF-8"/>
    <property name="java.class.path" value="/Volumes/work/qiyi/git/AxonFramework/spring-boot-autoconfigure/target/test-classes:/Volumes/work/qiyi/git/AxonFramework/spring-boot-autoconfigure/target/classes:/Volumes/work/qiyi/git/AxonFramework/spring/target/axon-spring-4.3.2-SNAPSHOT.jar:/Volumes/work/qiyi/git/AxonFramework/config/target/axon-configuration-4.3.2-SNAPSHOT.jar:/Volumes/work/qiyi/git/AxonFramework/disruptor/target/axon-disruptor-4.3.2-SNAPSHOT.jar:/Volumes/work/aiguoxin/repository/org/slf4j/slf4j-api/1.7.28/slf4j-api-1.7.28.jar:/Volumes/work/qiyi/git/AxonFramework/eventsourcing/target/axon-eventsourcing-4.3.2-SNAPSHOT.jar:/Volumes/work/qiyi/git/AxonFramework/modelling/target/axon-modelling-4.3.2-SNAPSHOT.jar:/Volumes/work/qiyi/git/AxonFramework/messaging/target/axon-messaging-4.3.2-SNAPSHOT.jar:/Volumes/work/aiguoxin/repository/com/thoughtworks/xstream/xstream/1.4.11.1/xstream-1.4.11.1.jar:/Volumes/work/aiguoxin/repository/xpp3/xpp3/1.1.4c/xpp3-1.1.4c.jar:/Volumes/work/aiguoxin/repository/com/fasterxml/jackson/core/jackson-databind/2.9.8/jackson-databind-2.9.8.jar:/Volumes/work/aiguoxin/repository/com/fasterxml/jackson/core/jackson-annotations/2.9.0/jackson-annotations-2.9.0.jar:/Volumes/work/aiguoxin/repository/com/fasterxml/jackson/core/jackson-core/2.9.8/jackson-core-2.9.8.jar:/Volumes/work/qiyi/git/AxonFramework/metrics/target/axon-metrics-4.3.2-SNAPSHOT.jar:/Volumes/work/aiguoxin/repository/io/dropwizard/metrics/metrics-core/3.1.2/metrics-core-3.1.2.jar:/Volumes/work/qiyi/git/AxonFramework/metrics-micrometer/target/axon-micrometer-4.3.2-SNAPSHOT.jar:/Volumes/work/aiguoxin/repository/io/micrometer/micrometer-core/1.3.0/micrometer-core-1.3.0.jar:/Volumes/work/aiguoxin/repository/org/hdrhistogram/HdrHistogram/2.1.11/HdrHistogram-2.1.11.jar:/Volumes/work/aiguoxin/repository/org/latencyutils/LatencyUtils/2.0.3/LatencyUtils-2.0.3.jar:/Volumes/work/aiguoxin/repository/org/springframework/boot/spring-boot-configuration-processor/2.1.8.RELEASE/spring-boot-configuration-processor-2.1.8.RELEASE.jar:/Volumes/work/aiguoxin/repository/org/springframework/boot/spring-boot-autoconfigure-processor/2.1.8.RELEASE/spring-boot-autoconfigure-processor-2.1.8.RELEASE.jar:/Volumes/work/aiguoxin/repository/org/springframework/boot/spring-boot-starter/2.1.8.RELEASE/spring-boot-starter-2.1.8.RELEASE.jar:/Volumes/work/aiguoxin/repository/org/springframework/boot/spring-boot/2.1.8.RELEASE/spring-boot-2.1.8.RELEASE.jar:/Volumes/work/aiguoxin/repository/org/springframework/spring-context/5.1.9.RELEASE/spring-context-5.1.9.RELEASE.jar:/Volumes/work/aiguoxin/repository/org/springframework/spring-expression/5.1.9.RELEASE/spring-expression-5.1.9.RELEASE.jar:/Volumes/work/aiguoxin/repository/org/springframework/boot/spring-boot-autoconfigure/2.1.8.RELEASE/spring-boot-autoconfigure-2.1.8.RELEASE.jar:/Volumes/work/aiguoxin/repository/org/springframework/boot/spring-boot-starter-logging/2.1.8.RELEASE/spring-boot-starter-logging-2.1.8.RELEASE.jar:/Volumes/work/aiguoxin/repository/javax/annotation/javax.annotation-api/1.3.2/javax.annotation-api-1.3.2.jar:/Volumes/work/aiguoxin/repository/org/springframework/spring-core/5.1.9.RELEASE/spring-core-5.1.9.RELEASE.jar:/Volumes/work/aiguoxin/repository/org/springframework/spring-jcl/5.1.9.RELEASE/spring-jcl-5.1.9.RELEASE.jar:/Volumes/work/aiguoxin/repository/org/yaml/snakeyaml/1.23/snakeyaml-1.23.jar:/Volumes/work/aiguoxin/repository/org/springframework/boot/spring-boot-starter-data-jpa/2.1.8.RELEASE/spring-boot-starter-data-jpa-2.1.8.RELEASE.jar:/Volumes/work/aiguoxin/repository/org/springframework/boot/spring-boot-starter-aop/2.1.8.RELEASE/spring-boot-starter-aop-2.1.8.RELEASE.jar:/Volumes/work/aiguoxin/repository/org/springframework/spring-aop/5.1.9.RELEASE/spring-aop-5.1.9.RELEASE.jar:/Volumes/work/aiguoxin/repository/org/aspectj/aspectjweaver/1.9.4/aspectjweaver-1.9.4.jar:/Volumes/work/aiguoxin/repository/org/springframework/boot/spring-boot-starter-jdbc/2.1.8.RELEASE/spring-boot-starter-jdbc-2.1.8.RELEASE.jar:/Volumes/work/aiguoxin/repository/com/zaxxer/HikariCP/3.2.0/HikariCP-3.2.0.jar:/Volumes/work/aiguoxin/repository/javax/transaction/javax.transaction-api/1.3/javax.transaction-api-1.3.jar:/Volumes/work/aiguoxin/repository/org/hibernate/hibernate-core/5.3.11.Final/hibernate-core-5.3.11.Final.jar:/Volumes/work/aiguoxin/repository/org/jboss/logging/jboss-logging/3.3.2.Final/jboss-logging-3.3.2.Final.jar:/Volumes/work/aiguoxin/repository/javax/persistence/javax.persistence-api/2.2/javax.persistence-api-2.2.jar:/Volumes/work/aiguoxin/repository/org/javassist/javassist/3.24.1-GA/javassist-3.24.1-GA.jar:/Volumes/work/aiguoxin/repository/antlr/antlr/2.7.7/antlr-2.7.7.jar:/Volumes/work/aiguoxin/repository/org/jboss/jandex/2.0.5.Final/jandex-2.0.5.Final.jar:/Volumes/work/aiguoxin/repository/com/fasterxml/classmate/1.3.4/classmate-1.3.4.jar:/Volumes/work/aiguoxin/repository/javax/activation/javax.activation-api/1.2.0/javax.activation-api-1.2.0.jar:/Volumes/work/aiguoxin/repository/org/dom4j/dom4j/2.1.1/dom4j-2.1.1.jar:/Volumes/work/aiguoxin/repository/org/hibernate/common/hibernate-commons-annotations/5.0.4.Final/hibernate-commons-annotations-5.0.4.Final.jar:/Volumes/work/aiguoxin/repository/org/springframework/data/spring-data-jpa/2.1.10.RELEASE/spring-data-jpa-2.1.10.RELEASE.jar:/Volumes/work/aiguoxin/repository/org/springframework/data/spring-data-commons/2.1.10.RELEASE/spring-data-commons-2.1.10.RELEASE.jar:/Volumes/work/aiguoxin/repository/org/springframework/spring-aspects/5.1.9.RELEASE/spring-aspects-5.1.9.RELEASE.jar:/Volumes/work/aiguoxin/repository/org/springframework/boot/spring-boot-starter-test/2.1.8.RELEASE/spring-boot-starter-test-2.1.8.RELEASE.jar:/Volumes/work/aiguoxin/repository/org/springframework/boot/spring-boot-test/2.1.8.RELEASE/spring-boot-test-2.1.8.RELEASE.jar:/Volumes/work/aiguoxin/repository/org/springframework/boot/spring-boot-test-autoconfigure/2.1.8.RELEASE/spring-boot-test-autoconfigure-2.1.8.RELEASE.jar:/Volumes/work/aiguoxin/repository/com/jayway/jsonpath/json-path/2.4.0/json-path-2.4.0.jar:/Volumes/work/aiguoxin/repository/net/minidev/json-smart/2.3/json-smart-2.3.jar:/Volumes/work/aiguoxin/repository/net/minidev/accessors-smart/1.2/accessors-smart-1.2.jar:/Volumes/work/aiguoxin/repository/org/ow2/asm/asm/5.0.4/asm-5.0.4.jar:/Volumes/work/aiguoxin/repository/junit/junit/4.12/junit-4.12.jar:/Volumes/work/aiguoxin/repository/org/assertj/assertj-core/3.11.1/assertj-core-3.11.1.jar:/Volumes/work/aiguoxin/repository/org/hamcrest/hamcrest-core/1.3/hamcrest-core-1.3.jar:/Volumes/work/aiguoxin/repository/org/hamcrest/hamcrest-library/1.3/hamcrest-library-1.3.jar:/Volumes/work/aiguoxin/repository/org/skyscreamer/jsonassert/1.5.0/jsonassert-1.5.0.jar:/Volumes/work/aiguoxin/repository/com/vaadin/external/google/android-json/0.0.20131108.vaadin1/android-json-0.0.20131108.vaadin1.jar:/Volumes/work/aiguoxin/repository/org/springframework/spring-test/5.1.9.RELEASE/spring-test-5.1.9.RELEASE.jar:/Volumes/work/aiguoxin/repository/org/xmlunit/xmlunit-core/2.6.3/xmlunit-core-2.6.3.jar:/Volumes/work/aiguoxin/repository/org/hsqldb/hsqldb/2.5.0/hsqldb-2.5.0.jar:/Volumes/work/aiguoxin/repository/com/lmax/disruptor/3.4.2/disruptor-3.4.2.jar:/Volumes/work/aiguoxin/repository/org/springframework/spring-orm/5.1.9.RELEASE/spring-orm-5.1.9.RELEASE.jar:/Volumes/work/aiguoxin/repository/org/springframework/spring-beans/5.1.9.RELEASE/spring-beans-5.1.9.RELEASE.jar:/Volumes/work/aiguoxin/repository/org/springframework/spring-jdbc/5.1.9.RELEASE/spring-jdbc-5.1.9.RELEASE.jar:/Volumes/work/aiguoxin/repository/org/springframework/spring-tx/5.1.9.RELEASE/spring-tx-5.1.9.RELEASE.jar:/Volumes/work/aiguoxin/repository/com/fasterxml/jackson/datatype/jackson-datatype-jsr310/2.9.8/jackson-datatype-jsr310-2.9.8.jar:/Volumes/work/qiyi/git/AxonFramework/axon-server-connector/target/axon-server-connector-4.3.2-SNAPSHOT.jar:/Volumes/work/aiguoxin/repository/io/grpc/grpc-protobuf/1.22.1/grpc-protobuf-1.22.1.jar:/Volumes/work/aiguoxin/repository/io/grpc/grpc-api/1.22.1/grpc-api-1.22.1.jar:/Volumes/work/aiguoxin/repository/io/grpc/grpc-context/1.22.1/grpc-context-1.22.1.jar:/Volumes/work/aiguoxin/repository/com/google/errorprone/error_prone_annotations/2.3.2/error_prone_annotations-2.3.2.jar:/Volumes/work/aiguoxin/repository/com/google/code/findbugs/jsr305/3.0.1/jsr305-3.0.1.jar:/Volumes/work/aiguoxin/repository/org/codehaus/mojo/animal-sniffer-annotations/1.17/animal-sniffer-annotations-1.17.jar:/Volumes/work/aiguoxin/repository/com/google/protobuf/protobuf-java/3.7.1/protobuf-java-3.7.1.jar:/Volumes/work/aiguoxin/repository/com/google/guava/guava/26.0-android/guava-26.0-android.jar:/Volumes/work/aiguoxin/repository/org/checkerframework/checker-compat-qual/2.5.2/checker-compat-qual-2.5.2.jar:/Volumes/work/aiguoxin/repository/com/google/j2objc/j2objc-annotations/1.1/j2objc-annotations-1.1.jar:/Volumes/work/aiguoxin/repository/com/google/api/grpc/proto-google-common-protos/1.12.0/proto-google-common-protos-1.12.0.jar:/Volumes/work/aiguoxin/repository/io/grpc/grpc-protobuf-lite/1.22.1/grpc-protobuf-lite-1.22.1.jar:/Volumes/work/aiguoxin/repository/io/grpc/grpc-stub/1.22.1/grpc-stub-1.22.1.jar:/Volumes/work/aiguoxin/repository/io/grpc/grpc-netty/1.22.1/grpc-netty-1.22.1.jar:/Volumes/work/aiguoxin/repository/io/grpc/grpc-core/1.22.1/grpc-core-1.22.1.jar:/Volumes/work/aiguoxin/repository/com/google/code/gson/gson/2.7/gson-2.7.jar:/Volumes/work/aiguoxin/repository/com/google/android/annotations/4.1.1.4/annotations-4.1.1.4.jar:/Volumes/work/aiguoxin/repository/io/perfmark/perfmark-api/0.16.0/perfmark-api-0.16.0.jar:/Volumes/work/aiguoxin/repository/io/opencensus/opencensus-api/0.21.0/opencensus-api-0.21.0.jar:/Volumes/work/aiguoxin/repository/io/opencensus/opencensus-contrib-grpc-metrics/0.21.0/opencensus-contrib-grpc-metrics-0.21.0.jar:/Volumes/work/aiguoxin/repository/io/netty/netty-codec-http2/4.1.35.Final/netty-codec-http2-4.1.35.Final.jar:/Volumes/work/aiguoxin/repository/io/netty/netty-common/4.1.35.Final/netty-common-4.1.35.Final.jar:/Volumes/work/aiguoxin/repository/io/netty/netty-buffer/4.1.35.Final/netty-buffer-4.1.35.Final.jar:/Volumes/work/aiguoxin/repository/io/netty/netty-transport/4.1.35.Final/netty-transport-4.1.35.Final.jar:/Volumes/work/aiguoxin/repository/io/netty/netty-resolver/4.1.35.Final/netty-resolver-4.1.35.Final.jar:/Volumes/work/aiguoxin/repository/io/netty/netty-codec/4.1.35.Final/netty-codec-4.1.35.Final.jar:/Volumes/work/aiguoxin/repository/io/netty/netty-handler/4.1.35.Final/netty-handler-4.1.35.Final.jar:/Volumes/work/aiguoxin/repository/io/netty/netty-codec-http/4.1.35.Final/netty-codec-http-4.1.35.Final.jar:/Volumes/work/aiguoxin/repository/io/netty/netty-handler-proxy/4.1.35.Final/netty-handler-proxy-4.1.35.Final.jar:/Volumes/work/aiguoxin/repository/io/netty/netty-codec-socks/4.1.35.Final/netty-codec-socks-4.1.35.Final.jar:/Volumes/work/aiguoxin/repository/io/netty/netty-tcnative-boringssl-static/2.0.25.Final/netty-tcnative-boringssl-static-2.0.25.Final.jar:/Volumes/work/aiguoxin/repository/org/junit/jupiter/junit-jupiter-api/5.5.2/junit-jupiter-api-5.5.2.jar:/Volumes/work/aiguoxin/repository/org/apiguardian/apiguardian-api/1.1.0/apiguardian-api-1.1.0.jar:/Volumes/work/aiguoxin/repository/org/opentest4j/opentest4j/1.2.0/opentest4j-1.2.0.jar:/Volumes/work/aiguoxin/repository/org/junit/platform/junit-platform-commons/1.5.2/junit-platform-commons-1.5.2.jar:/Volumes/work/aiguoxin/repository/org/junit/jupiter/junit-jupiter-params/5.5.2/junit-jupiter-params-5.5.2.jar:/Volumes/work/aiguoxin/repository/org/junit/jupiter/junit-jupiter-engine/5.5.2/junit-jupiter-engine-5.5.2.jar:/Volumes/work/aiguoxin/repository/org/junit/platform/junit-platform-engine/1.5.2/junit-platform-engine-1.5.2.jar:/Volumes/work/aiguoxin/repository/org/mockito/mockito-core/3.0.0/mockito-core-3.0.0.jar:/Volumes/work/aiguoxin/repository/net/bytebuddy/byte-buddy/1.9.16/byte-buddy-1.9.16.jar:/Volumes/work/aiguoxin/repository/net/bytebuddy/byte-buddy-agent/1.9.16/byte-buddy-agent-1.9.16.jar:/Volumes/work/aiguoxin/repository/org/objenesis/objenesis/2.6/objenesis-2.6.jar:/Volumes/work/aiguoxin/repository/org/mockito/mockito-junit-jupiter/3.0.0/mockito-junit-jupiter-3.0.0.jar:/Volumes/work/aiguoxin/repository/org/slf4j/jul-to-slf4j/1.7.28/jul-to-slf4j-1.7.28.jar:/Volumes/work/aiguoxin/repository/org/apache/logging/log4j/log4j-slf4j-impl/2.13.0/log4j-slf4j-impl-2.13.0.jar:/Volumes/work/aiguoxin/repository/org/apache/logging/log4j/log4j-api/2.13.0/log4j-api-2.13.0.jar:/Volumes/work/aiguoxin/repository/org/slf4j/jcl-over-slf4j/1.7.28/jcl-over-slf4j-1.7.28.jar:/Volumes/work/aiguoxin/repository/org/apache/logging/log4j/log4j-core/2.13.0/log4j-core-2.13.0.jar:/Volumes/work/aiguoxin/repository/javax/xml/bind/jaxb-api/2.3.0/jaxb-api-2.3.0.jar:"/>
    <property name="java.vm.vendor" value="Oracle Corporation"/>
    <property name="sun.arch.data.model" value="64"/>
    <property name="java.vendor.url" value="http://java.oracle.com/"/>
    <property name="user.timezone" value=""/>
    <property name="java.vm.specification.version" value="1.8"/>
    <property name="os.name" value="Mac OS X"/>
    <property name="user.country" value="CN"/>
    <property name="sun.java.launcher" value="SUN_STANDARD"/>
    <property name="sun.boot.library.path" value="/Library/Java/JavaVirtualMachines/jdk1.8.0_73.jdk/Contents/Home/jre/lib"/>
    <property name="sun.java.command" value="/Volumes/work/qiyi/git/AxonFramework/spring-boot-autoconfigure/target/surefire/surefirebooter4930585642292039748.jar /Volumes/work/qiyi/git/AxonFramework/spring-boot-autoconfigure/target/surefire 2020-06-23T10-55-59_857-jvmRun1 surefire3799794094230715530tmp surefire_11503418750002361298tmp"/>
    <property name="surefire.test.class.path" value="/Volumes/work/qiyi/git/AxonFramework/spring-boot-autoconfigure/target/test-classes:/Volumes/work/qiyi/git/AxonFramework/spring-boot-autoconfigure/target/classes:/Volumes/work/qiyi/git/AxonFramework/spring/target/axon-spring-4.3.2-SNAPSHOT.jar:/Volumes/work/qiyi/git/AxonFramework/config/target/axon-configuration-4.3.2-SNAPSHOT.jar:/Volumes/work/qiyi/git/AxonFramework/disruptor/target/axon-disruptor-4.3.2-SNAPSHOT.jar:/Volumes/work/aiguoxin/repository/org/slf4j/slf4j-api/1.7.28/slf4j-api-1.7.28.jar:/Volumes/work/qiyi/git/AxonFramework/eventsourcing/target/axon-eventsourcing-4.3.2-SNAPSHOT.jar:/Volumes/work/qiyi/git/AxonFramework/modelling/target/axon-modelling-4.3.2-SNAPSHOT.jar:/Volumes/work/qiyi/git/AxonFramework/messaging/target/axon-messaging-4.3.2-SNAPSHOT.jar:/Volumes/work/aiguoxin/repository/com/thoughtworks/xstream/xstream/1.4.11.1/xstream-1.4.11.1.jar:/Volumes/work/aiguoxin/repository/xpp3/xpp3/1.1.4c/xpp3-1.1.4c.jar:/Volumes/work/aiguoxin/repository/com/fasterxml/jackson/core/jackson-databind/2.9.8/jackson-databind-2.9.8.jar:/Volumes/work/aiguoxin/repository/com/fasterxml/jackson/core/jackson-annotations/2.9.0/jackson-annotations-2.9.0.jar:/Volumes/work/aiguoxin/repository/com/fasterxml/jackson/core/jackson-core/2.9.8/jackson-core-2.9.8.jar:/Volumes/work/qiyi/git/AxonFramework/metrics/target/axon-metrics-4.3.2-SNAPSHOT.jar:/Volumes/work/aiguoxin/repository/io/dropwizard/metrics/metrics-core/3.1.2/metrics-core-3.1.2.jar:/Volumes/work/qiyi/git/AxonFramework/metrics-micrometer/target/axon-micrometer-4.3.2-SNAPSHOT.jar:/Volumes/work/aiguoxin/repository/io/micrometer/micrometer-core/1.3.0/micrometer-core-1.3.0.jar:/Volumes/work/aiguoxin/repository/org/hdrhistogram/HdrHistogram/2.1.11/HdrHistogram-2.1.11.jar:/Volumes/work/aiguoxin/repository/org/latencyutils/LatencyUtils/2.0.3/LatencyUtils-2.0.3.jar:/Volumes/work/aiguoxin/repository/org/springframework/boot/spring-boot-configuration-processor/2.1.8.RELEASE/spring-boot-configuration-processor-2.1.8.RELEASE.jar:/Volumes/work/aiguoxin/repository/org/springframework/boot/spring-boot-autoconfigure-processor/2.1.8.RELEASE/spring-boot-autoconfigure-processor-2.1.8.RELEASE.jar:/Volumes/work/aiguoxin/repository/org/springframework/boot/spring-boot-starter/2.1.8.RELEASE/spring-boot-starter-2.1.8.RELEASE.jar:/Volumes/work/aiguoxin/repository/org/springframework/boot/spring-boot/2.1.8.RELEASE/spring-boot-2.1.8.RELEASE.jar:/Volumes/work/aiguoxin/repository/org/springframework/spring-context/5.1.9.RELEASE/spring-context-5.1.9.RELEASE.jar:/Volumes/work/aiguoxin/repository/org/springframework/spring-expression/5.1.9.RELEASE/spring-expression-5.1.9.RELEASE.jar:/Volumes/work/aiguoxin/repository/org/springframework/boot/spring-boot-autoconfigure/2.1.8.RELEASE/spring-boot-autoconfigure-2.1.8.RELEASE.jar:/Volumes/work/aiguoxin/repository/org/springframework/boot/spring-boot-starter-logging/2.1.8.RELEASE/spring-boot-starter-logging-2.1.8.RELEASE.jar:/Volumes/work/aiguoxin/repository/javax/annotation/javax.annotation-api/1.3.2/javax.annotation-api-1.3.2.jar:/Volumes/work/aiguoxin/repository/org/springframework/spring-core/5.1.9.RELEASE/spring-core-5.1.9.RELEASE.jar:/Volumes/work/aiguoxin/repository/org/springframework/spring-jcl/5.1.9.RELEASE/spring-jcl-5.1.9.RELEASE.jar:/Volumes/work/aiguoxin/repository/org/yaml/snakeyaml/1.23/snakeyaml-1.23.jar:/Volumes/work/aiguoxin/repository/org/springframework/boot/spring-boot-starter-data-jpa/2.1.8.RELEASE/spring-boot-starter-data-jpa-2.1.8.RELEASE.jar:/Volumes/work/aiguoxin/repository/org/springframework/boot/spring-boot-starter-aop/2.1.8.RELEASE/spring-boot-starter-aop-2.1.8.RELEASE.jar:/Volumes/work/aiguoxin/repository/org/springframework/spring-aop/5.1.9.RELEASE/spring-aop-5.1.9.RELEASE.jar:/Volumes/work/aiguoxin/repository/org/aspectj/aspectjweaver/1.9.4/aspectjweaver-1.9.4.jar:/Volumes/work/aiguoxin/repository/org/springframework/boot/spring-boot-starter-jdbc/2.1.8.RELEASE/spring-boot-starter-jdbc-2.1.8.RELEASE.jar:/Volumes/work/aiguoxin/repository/com/zaxxer/HikariCP/3.2.0/HikariCP-3.2.0.jar:/Volumes/work/aiguoxin/repository/javax/transaction/javax.transaction-api/1.3/javax.transaction-api-1.3.jar:/Volumes/work/aiguoxin/repository/org/hibernate/hibernate-core/5.3.11.Final/hibernate-core-5.3.11.Final.jar:/Volumes/work/aiguoxin/repository/org/jboss/logging/jboss-logging/3.3.2.Final/jboss-logging-3.3.2.Final.jar:/Volumes/work/aiguoxin/repository/javax/persistence/javax.persistence-api/2.2/javax.persistence-api-2.2.jar:/Volumes/work/aiguoxin/repository/org/javassist/javassist/3.24.1-GA/javassist-3.24.1-GA.jar:/Volumes/work/aiguoxin/repository/antlr/antlr/2.7.7/antlr-2.7.7.jar:/Volumes/work/aiguoxin/repository/org/jboss/jandex/2.0.5.Final/jandex-2.0.5.Final.jar:/Volumes/work/aiguoxin/repository/com/fasterxml/classmate/1.3.4/classmate-1.3.4.jar:/Volumes/work/aiguoxin/repository/javax/activation/javax.activation-api/1.2.0/javax.activation-api-1.2.0.jar:/Volumes/work/aiguoxin/repository/org/dom4j/dom4j/2.1.1/dom4j-2.1.1.jar:/Volumes/work/aiguoxin/repository/org/hibernate/common/hibernate-commons-annotations/5.0.4.Final/hibernate-commons-annotations-5.0.4.Final.jar:/Volumes/work/aiguoxin/repository/org/springframework/data/spring-data-jpa/2.1.10.RELEASE/spring-data-jpa-2.1.10.RELEASE.jar:/Volumes/work/aiguoxin/repository/org/springframework/data/spring-data-commons/2.1.10.RELEASE/spring-data-commons-2.1.10.RELEASE.jar:/Volumes/work/aiguoxin/repository/org/springframework/spring-aspects/5.1.9.RELEASE/spring-aspects-5.1.9.RELEASE.jar:/Volumes/work/aiguoxin/repository/org/springframework/boot/spring-boot-starter-test/2.1.8.RELEASE/spring-boot-starter-test-2.1.8.RELEASE.jar:/Volumes/work/aiguoxin/repository/org/springframework/boot/spring-boot-test/2.1.8.RELEASE/spring-boot-test-2.1.8.RELEASE.jar:/Volumes/work/aiguoxin/repository/org/springframework/boot/spring-boot-test-autoconfigure/2.1.8.RELEASE/spring-boot-test-autoconfigure-2.1.8.RELEASE.jar:/Volumes/work/aiguoxin/repository/com/jayway/jsonpath/json-path/2.4.0/json-path-2.4.0.jar:/Volumes/work/aiguoxin/repository/net/minidev/json-smart/2.3/json-smart-2.3.jar:/Volumes/work/aiguoxin/repository/net/minidev/accessors-smart/1.2/accessors-smart-1.2.jar:/Volumes/work/aiguoxin/repository/org/ow2/asm/asm/5.0.4/asm-5.0.4.jar:/Volumes/work/aiguoxin/repository/junit/junit/4.12/junit-4.12.jar:/Volumes/work/aiguoxin/repository/org/assertj/assertj-core/3.11.1/assertj-core-3.11.1.jar:/Volumes/work/aiguoxin/repository/org/hamcrest/hamcrest-core/1.3/hamcrest-core-1.3.jar:/Volumes/work/aiguoxin/repository/org/hamcrest/hamcrest-library/1.3/hamcrest-library-1.3.jar:/Volumes/work/aiguoxin/repository/org/skyscreamer/jsonassert/1.5.0/jsonassert-1.5.0.jar:/Volumes/work/aiguoxin/repository/com/vaadin/external/google/android-json/0.0.20131108.vaadin1/android-json-0.0.20131108.vaadin1.jar:/Volumes/work/aiguoxin/repository/org/springframework/spring-test/5.1.9.RELEASE/spring-test-5.1.9.RELEASE.jar:/Volumes/work/aiguoxin/repository/org/xmlunit/xmlunit-core/2.6.3/xmlunit-core-2.6.3.jar:/Volumes/work/aiguoxin/repository/org/hsqldb/hsqldb/2.5.0/hsqldb-2.5.0.jar:/Volumes/work/aiguoxin/repository/com/lmax/disruptor/3.4.2/disruptor-3.4.2.jar:/Volumes/work/aiguoxin/repository/org/springframework/spring-orm/5.1.9.RELEASE/spring-orm-5.1.9.RELEASE.jar:/Volumes/work/aiguoxin/repository/org/springframework/spring-beans/5.1.9.RELEASE/spring-beans-5.1.9.RELEASE.jar:/Volumes/work/aiguoxin/repository/org/springframework/spring-jdbc/5.1.9.RELEASE/spring-jdbc-5.1.9.RELEASE.jar:/Volumes/work/aiguoxin/repository/org/springframework/spring-tx/5.1.9.RELEASE/spring-tx-5.1.9.RELEASE.jar:/Volumes/work/aiguoxin/repository/com/fasterxml/jackson/datatype/jackson-datatype-jsr310/2.9.8/jackson-datatype-jsr310-2.9.8.jar:/Volumes/work/qiyi/git/AxonFramework/axon-server-connector/target/axon-server-connector-4.3.2-SNAPSHOT.jar:/Volumes/work/aiguoxin/repository/io/grpc/grpc-protobuf/1.22.1/grpc-protobuf-1.22.1.jar:/Volumes/work/aiguoxin/repository/io/grpc/grpc-api/1.22.1/grpc-api-1.22.1.jar:/Volumes/work/aiguoxin/repository/io/grpc/grpc-context/1.22.1/grpc-context-1.22.1.jar:/Volumes/work/aiguoxin/repository/com/google/errorprone/error_prone_annotations/2.3.2/error_prone_annotations-2.3.2.jar:/Volumes/work/aiguoxin/repository/com/google/code/findbugs/jsr305/3.0.1/jsr305-3.0.1.jar:/Volumes/work/aiguoxin/repository/org/codehaus/mojo/animal-sniffer-annotations/1.17/animal-sniffer-annotations-1.17.jar:/Volumes/work/aiguoxin/repository/com/google/protobuf/protobuf-java/3.7.1/protobuf-java-3.7.1.jar:/Volumes/work/aiguoxin/repository/com/google/guava/guava/26.0-android/guava-26.0-android.jar:/Volumes/work/aiguoxin/repository/org/checkerframework/checker-compat-qual/2.5.2/checker-compat-qual-2.5.2.jar:/Volumes/work/aiguoxin/repository/com/google/j2objc/j2objc-annotations/1.1/j2objc-annotations-1.1.jar:/Volumes/work/aiguoxin/repository/com/google/api/grpc/proto-google-common-protos/1.12.0/proto-google-common-protos-1.12.0.jar:/Volumes/work/aiguoxin/repository/io/grpc/grpc-protobuf-lite/1.22.1/grpc-protobuf-lite-1.22.1.jar:/Volumes/work/aiguoxin/repository/io/grpc/grpc-stub/1.22.1/grpc-stub-1.22.1.jar:/Volumes/work/aiguoxin/repository/io/grpc/grpc-netty/1.22.1/grpc-netty-1.22.1.jar:/Volumes/work/aiguoxin/repository/io/grpc/grpc-core/1.22.1/grpc-core-1.22.1.jar:/Volumes/work/aiguoxin/repository/com/google/code/gson/gson/2.7/gson-2.7.jar:/Volumes/work/aiguoxin/repository/com/google/android/annotations/4.1.1.4/annotations-4.1.1.4.jar:/Volumes/work/aiguoxin/repository/io/perfmark/perfmark-api/0.16.0/perfmark-api-0.16.0.jar:/Volumes/work/aiguoxin/repository/io/opencensus/opencensus-api/0.21.0/opencensus-api-0.21.0.jar:/Volumes/work/aiguoxin/repository/io/opencensus/opencensus-contrib-grpc-metrics/0.21.0/opencensus-contrib-grpc-metrics-0.21.0.jar:/Volumes/work/aiguoxin/repository/io/netty/netty-codec-http2/4.1.35.Final/netty-codec-http2-4.1.35.Final.jar:/Volumes/work/aiguoxin/repository/io/netty/netty-common/4.1.35.Final/netty-common-4.1.35.Final.jar:/Volumes/work/aiguoxin/repository/io/netty/netty-buffer/4.1.35.Final/netty-buffer-4.1.35.Final.jar:/Volumes/work/aiguoxin/repository/io/netty/netty-transport/4.1.35.Final/netty-transport-4.1.35.Final.jar:/Volumes/work/aiguoxin/repository/io/netty/netty-resolver/4.1.35.Final/netty-resolver-4.1.35.Final.jar:/Volumes/work/aiguoxin/repository/io/netty/netty-codec/4.1.35.Final/netty-codec-4.1.35.Final.jar:/Volumes/work/aiguoxin/repository/io/netty/netty-handler/4.1.35.Final/netty-handler-4.1.35.Final.jar:/Volumes/work/aiguoxin/repository/io/netty/netty-codec-http/4.1.35.Final/netty-codec-http-4.1.35.Final.jar:/Volumes/work/aiguoxin/repository/io/netty/netty-handler-proxy/4.1.35.Final/netty-handler-proxy-4.1.35.Final.jar:/Volumes/work/aiguoxin/repository/io/netty/netty-codec-socks/4.1.35.Final/netty-codec-socks-4.1.35.Final.jar:/Volumes/work/aiguoxin/repository/io/netty/netty-tcnative-boringssl-static/2.0.25.Final/netty-tcnative-boringssl-static-2.0.25.Final.jar:/Volumes/work/aiguoxin/repository/org/junit/jupiter/junit-jupiter-api/5.5.2/junit-jupiter-api-5.5.2.jar:/Volumes/work/aiguoxin/repository/org/apiguardian/apiguardian-api/1.1.0/apiguardian-api-1.1.0.jar:/Volumes/work/aiguoxin/repository/org/opentest4j/opentest4j/1.2.0/opentest4j-1.2.0.jar:/Volumes/work/aiguoxin/repository/org/junit/platform/junit-platform-commons/1.5.2/junit-platform-commons-1.5.2.jar:/Volumes/work/aiguoxin/repository/org/junit/jupiter/junit-jupiter-params/5.5.2/junit-jupiter-params-5.5.2.jar:/Volumes/work/aiguoxin/repository/org/junit/jupiter/junit-jupiter-engine/5.5.2/junit-jupiter-engine-5.5.2.jar:/Volumes/work/aiguoxin/repository/org/junit/platform/junit-platform-engine/1.5.2/junit-platform-engine-1.5.2.jar:/Volumes/work/aiguoxin/repository/org/mockito/mockito-core/3.0.0/mockito-core-3.0.0.jar:/Volumes/work/aiguoxin/repository/net/bytebuddy/byte-buddy/1.9.16/byte-buddy-1.9.16.jar:/Volumes/work/aiguoxin/repository/net/bytebuddy/byte-buddy-agent/1.9.16/byte-buddy-agent-1.9.16.jar:/Volumes/work/aiguoxin/repository/org/objenesis/objenesis/2.6/objenesis-2.6.jar:/Volumes/work/aiguoxin/repository/org/mockito/mockito-junit-jupiter/3.0.0/mockito-junit-jupiter-3.0.0.jar:/Volumes/work/aiguoxin/repository/org/slf4j/jul-to-slf4j/1.7.28/jul-to-slf4j-1.7.28.jar:/Volumes/work/aiguoxin/repository/org/apache/logging/log4j/log4j-slf4j-impl/2.13.0/log4j-slf4j-impl-2.13.0.jar:/Volumes/work/aiguoxin/repository/org/apache/logging/log4j/log4j-api/2.13.0/log4j-api-2.13.0.jar:/Volumes/work/aiguoxin/repository/org/slf4j/jcl-over-slf4j/1.7.28/jcl-over-slf4j-1.7.28.jar:/Volumes/work/aiguoxin/repository/org/apache/logging/log4j/log4j-core/2.13.0/log4j-core-2.13.0.jar:/Volumes/work/aiguoxin/repository/javax/xml/bind/jaxb-api/2.3.0/jaxb-api-2.3.0.jar:"/>
    <property name="sun.cpu.endian" value="little"/>
    <property name="user.home" value="/Users/liuruixue"/>
    <property name="user.language" value="zh"/>
    <property name="java.specification.vendor" value="Oracle Corporation"/>
    <property name="java.home" value="/Library/Java/JavaVirtualMachines/jdk1.8.0_73.jdk/Contents/Home/jre"/>
    <property name="basedir" value="/Volumes/work/qiyi/git/AxonFramework/spring-boot-autoconfigure"/>
    <property name="file.separator" value="/"/>
    <property name="line.separator" value="&#10;"/>
    <property name="java.vm.specification.vendor" value="Oracle Corporation"/>
    <property name="java.specification.name" value="Java Platform API Specification"/>
    <property name="java.awt.graphicsenv" value="sun.awt.CGraphicsEnvironment"/>
    <property name="surefire.real.class.path" value="/Volumes/work/qiyi/git/AxonFramework/spring-boot-autoconfigure/target/surefire/surefirebooter4930585642292039748.jar"/>
    <property name="sun.boot.class.path" value="/Library/Java/JavaVirtualMachines/jdk1.8.0_73.jdk/Contents/Home/jre/lib/resources.jar:/Library/Java/JavaVirtualMachines/jdk1.8.0_73.jdk/Contents/Home/jre/lib/rt.jar:/Library/Java/JavaVirtualMachines/jdk1.8.0_73.jdk/Contents/Home/jre/lib/sunrsasign.jar:/Library/Java/JavaVirtualMachines/jdk1.8.0_73.jdk/Contents/Home/jre/lib/jsse.jar:/Library/Java/JavaVirtualMachines/jdk1.8.0_73.jdk/Contents/Home/jre/lib/jce.jar:/Library/Java/JavaVirtualMachines/jdk1.8.0_73.jdk/Contents/Home/jre/lib/charsets.jar:/Library/Java/JavaVirtualMachines/jdk1.8.0_73.jdk/Contents/Home/jre/lib/jfr.jar:/Library/Java/JavaVirtualMachines/jdk1.8.0_73.jdk/Contents/Home/jre/classes"/>
    <property name="sun.management.compiler" value="HotSpot 64-Bit Tiered Compilers"/>
    <property name="java.runtime.version" value="1.8.0_73-b02"/>
    <property name="user.name" value="liuruixue"/>
    <property name="path.separator" value=":"/>
    <property name="os.version" value="10.13.6"/>
    <property name="java.endorsed.dirs" value="/Library/Java/JavaVirtualMachines/jdk1.8.0_73.jdk/Contents/Home/jre/lib/endorsed"/>
    <property name="java.runtime.name" value="Java(TM) SE Runtime Environment"/>
    <property name="file.encoding" value="UTF-8"/>
    <property name="java.vm.name" value="Java HotSpot(TM) 64-Bit Server VM"/>
    <property name="localRepository" value="/Volumes/work/aiguoxin/repository"/>
    <property name="java.vendor.url.bug" value="http://bugreport.sun.com/bugreport/"/>
    <property name="java.io.tmpdir" value="/var/folders/5_/dkz6wc1x2z3b8p2gs5wcpggr0000gn/T/"/>
    <property name="java.version" value="1.8.0_73"/>
    <property name="user.dir" value="/Volumes/work/qiyi/git/AxonFramework/spring-boot-autoconfigure"/>
    <property name="os.arch" value="x86_64"/>
    <property name="java.vm.specification.name" value="Java Virtual Machine Specification"/>
    <property name="java.awt.printerjob" value="sun.lwawt.macosx.CPrinterJob"/>
    <property name="user.language.format" value="en"/>
    <property name="sun.os.patch.level" value="unknown"/>
    <property name="java.library.path" value="/Users/liuruixue/Library/Java/Extensions:/Library/Java/Extensions:/Network/Library/Java/Extensions:/System/Library/Java/Extensions:/usr/lib/java:."/>
    <property name="java.vm.info" value="mixed mode"/>
    <property name="java.vendor" value="Oracle Corporation"/>
    <property name="java.vm.version" value="25.73-b02"/>
    <property name="java.ext.dirs" value="/Users/liuruixue/Library/Java/Extensions:/Library/Java/JavaVirtualMachines/jdk1.8.0_73.jdk/Contents/Home/jre/lib/ext:/Library/Java/Extensions:/Network/Library/Java/Extensions:/System/Library/Java/Extensions:/usr/lib/java"/>
    <property name="sun.io.unicode.encoding" value="UnicodeBig"/>
    <property name="java.class.version" value="52.0"/>
  </properties>
  <testcase name="testContextInitialization" classname="org.axonframework.springboot.JdbcAutoConfigurationTest" time="0.005"/>
</testsuite>